Arguments: 
  C:\Program Files\nodejs\node.exe C:\Users\jefer\AppData\Roaming\npm\node_modules\yarn\bin\yarn.js add aws-sdk bcryptjs config dotenv express jsonwebtpken multer multer-s3 node-pg-migrate pg pg-promisse yup --save

PATH: 
  C:\Users\jefer\AppData\Local\Programs\Python\Python39\Scripts\;C:\Users\jefer\AppData\Local\Programs\Python\Python39\;C:\Program Files\Common Files\Oracle\Java\javapath;C:\Program Files (x86)\Common Files\Oracle\Java\javapath;C:\ProgramData\Oracle\Java\javapath;C:\Windows\system32;C:\Windows;C:\Windows\System32\Wbem;C:\Windows\System32\WindowsPowerShell\v1.0\;C:\Windows\System32\OpenSSH\;C:\Program Files\Git\cmd;C:\Program Files\NVIDIA Corporation\NVIDIA NvDLISR;C:\Program Files (x86)\NVIDIA Corporation\PhysX\Common;C:\Program Files\nodejs\;C:\ProgramData\chocolatey\bin;C:\Users\jefer\AppData\Local\Programs\Python\Python37-32\Scripts\;C:\Users\jefer\AppData\Local\Programs\Python\Python37-32\;C:\Users\jefer\AppData\Local\Microsoft\WindowsApps;D:\PyCharm 2020.2.3\bin;;C:\Users\jefer\AppData\Local\Programs\Microsoft VS Code\bin;C:\flutter\bin;C:\Users\jefer\AppData\Roaming\npm

Yarn version: 
  1.22.17

Node version: 
  16.7.0

Platform: 
  win32 x64

Trace: 
  Error: https://registry.yarnpkg.com/jsonwebtpken: Not found
      at Request.params.callback [as _callback] (C:\Users\jefer\AppData\Roaming\npm\node_modules\yarn\lib\cli.js:67029:18)
      at Request.self.callback (C:\Users\jefer\AppData\Roaming\npm\node_modules\yarn\lib\cli.js:140883:22)
      at Request.emit (node:events:394:28)
      at Request.<anonymous> (C:\Users\jefer\AppData\Roaming\npm\node_modules\yarn\lib\cli.js:141855:10)
      at Request.emit (node:events:394:28)
      at IncomingMessage.<anonymous> (C:\Users\jefer\AppData\Roaming\npm\node_modules\yarn\lib\cli.js:141777:12)
      at Object.onceWrapper (node:events:513:28)
      at IncomingMessage.emit (node:events:406:35)
      at endReadableNT (node:internal/streams/readable:1348:12)
      at processTicksAndRejections (node:internal/process/task_queues:83:21)

npm manifest: 
  {
    "name": "estoqueweb",
    "version": "1.0.0",
    "description": "",
    "main": "./server/server.js",
    "scripts": {
      "dev": "nodemon server/server.js",
      "start": "node .",
      "migrate": "node-pg-migrate"
    },
    "keywords": [],
    "author": "",
    "license": "ISC"
  }

yarn manifest: 
  No manifest

Lockfile: 
  No lockfile
